Added Component: Designator=C44(Cap 1206)
Add component (AddParameter): Name = "Check_prices"; Value = "https://www.snapeda.com/parts/12065C503JAT2A/AVX/view-part/?ref=eda"; VariantName = "[No Variations]"
Add component (AddParameter): Name = "MF"; Value = "AVX"; VariantName = "[No Variations]"
Add component (AddParameter): Name = "MP"; Value = "12065C503JAT2A"; VariantName = "[No Variations]"
Add component (AddParameter): Name = "Package"; Value = "3216 AVX"; VariantName = "[No Variations]"
Add component (AddParameter): Name = "SnapEDA_Link"; Value = "https://www.snapeda.com/parts/12065C503JAT2A/AVX/view-part/?ref=snap"; VariantName = "[No Variations]"
Add component (AddParameter): Name = "Value"; Value = "0.05uF"; VariantName = "[No Variations]"
Add component: Footprint Not Found 21-0075D_MXM
Add component: Footprint Not Found X14
Add component: Footprint Not Found X14
Add component: Footprint Not Found TO252-2_AZ1117ID-3.3TRG1_DIO
Add component: Footprint Not Found TO252-2_AZ1117ID-3.3TRG1_DIO
Add component: Footprint Not Found TO252-2_AZ1117ID-3.3TRG1_DIO
Add component: Footprint Not Found DPAK-3_ONS
Add component: Footprint Not Found XTAL_ECS-10.7-15A
Added Pin To Net: NetName=NetC44_1 Pin=C44-1
Added Pin To Net: NetName=NetC44_2 Pin=C44-2
Add Pin To Net: Unknown Pin: Pin U3-1
Add Pin To Net: Unknown Pin: Pin U3-2
Add Pin To Net: Unknown Pin: Pin U3-3
Add Pin To Net: Unknown Pin: Pin U4_U_IF_amp-1
Add Pin To Net: Unknown Pin: Pin U4_U_IF_amp-2
Add Pin To Net: Unknown Pin: Pin U4_U_IF_amp-3
Add Pin To Net: Unknown Pin: Pin U4_U_IF_amp-4
Add Pin To Net: Unknown Pin: Pin U4_U_variable_gain_amp-1
Add Pin To Net: Unknown Pin: Pin U4_U_variable_gain_amp-2
Add Pin To Net: Unknown Pin: Pin U4_U_variable_gain_amp-3
Add Pin To Net: Unknown Pin: Pin U4_U_variable_gain_amp-4
Add Pin To Net: Unknown Pin: Pin U6-1
Add Pin To Net: Unknown Pin: Pin U6-2
Add Pin To Net: Unknown Pin: Pin U6-3
Add Pin To Net: Unknown Pin: Pin U8-1
Add Pin To Net: Unknown Pin: Pin U8-2
Add Pin To Net: Unknown Pin: Pin U8-3
Add Pin To Net: Unknown Pin: Pin U9-1
Add Pin To Net: Unknown Pin: Pin U9-2
Add Pin To Net: Unknown Pin: Pin U9-3
Add Pin To Net: Unknown Pin: Pin U10-1
Add Pin To Net: Unknown Pin: Pin U10-2
Add Pin To Net: Unknown Pin: Pin U10-3
Add Pin To Net: Unknown Pin: Pin Y1-1
Add Pin To Net: Unknown Pin: Pin Y1-3
Added Member To Class: ClassName=U_output_stage Member=Component C44 12065C503JAT2A
Add Class Member: Failed to add class member : Component U3 MAX7375AXR105+T
Add Class Member: Failed to add class member : Component U4_U_IF_amp (U4) 100X14W104MV4T
Add Class Member: Failed to add class member : Component U4_U_variable_gain_amp (U4) 100X14W104MV4T
Add Class Member: Failed to add class member : Component U6 AZ1117ID-5
Add Class Member: Failed to add class member : Component U8 AZ1117ID-3.3
Add Class Member: Failed to add class member : Component U9 AZ1117ID-ADJTRG1
Add Class Member: Failed to add class member : Component U10 MC79M05CDTRKG
Add Class Member: Failed to add class member : Component Y1 ECS-10.7-15A
