Add component: Footprint Not Found X14
Add component: Footprint Not Found X14
Add component: Footprint Not Found TO252-2_AZ1117ID-3.3TRG1_DIO
Add component: Footprint Not Found TO252-2_AZ1117ID-3.3TRG1_DIO
Add component: Footprint Not Found TO252-2_AZ1117ID-3.3TRG1_DIO
Add component: Footprint Not Found DPAK-3_ONS
Added Component: Designator=U?(SOT65P210X110-3N)
Add component (AddParameter): Name = "Check_prices"; Value = "https://www.snapeda.com/parts/MAX7375AXR105+T/Maxim+Integrated/view-part/?ref=eda"; VariantName = "[No Variations]"
Add component (AddParameter): Name = "Digi-Key_Part_Number"; Value = "MAX7375AXR105+TTR-ND"; VariantName = "[No Variations]"
Add component (AddParameter): Name = "MF"; Value = "Maxim Integrated Products"; VariantName = "[No Variations]"
Add component (AddParameter): Name = "MP"; Value = "MAX7375AXR105+T"; VariantName = "[No Variations]"
Add component (AddParameter): Name = "Package"; Value = "SC-70-3 Analog"; VariantName = "[No Variations]"
Add component (AddParameter): Name = "SnapEDA_Link"; Value = "https://www.snapeda.com/parts/MAX7375AXR105+T/Maxim+Integrated/view-part/?ref=snap"; VariantName = "[No Variations]"
Add component (AddParameter): Name = "Value"; Value = ""; VariantName = "[No Variations]"
Add component: Footprint Not Found XTAL_ECS-10.7-15A
Add Pin To Net: Unknown Pin: Pin U4_U_IF_amp-1
Add Pin To Net: Unknown Pin: Pin U4_U_IF_amp-2
Add Pin To Net: Unknown Pin: Pin U4_U_IF_amp-3
Add Pin To Net: Unknown Pin: Pin U4_U_IF_amp-4
Add Pin To Net: Unknown Pin: Pin U4_U_variable_gain_amp-1
Add Pin To Net: Unknown Pin: Pin U4_U_variable_gain_amp-2
Add Pin To Net: Unknown Pin: Pin U4_U_variable_gain_amp-3
Add Pin To Net: Unknown Pin: Pin U4_U_variable_gain_amp-4
Add Pin To Net: Unknown Pin: Pin U6-1
Add Pin To Net: Unknown Pin: Pin U6-2
Add Pin To Net: Unknown Pin: Pin U6-3
Add Pin To Net: Unknown Pin: Pin U8-1
Add Pin To Net: Unknown Pin: Pin U8-2
Add Pin To Net: Unknown Pin: Pin U8-3
Add Pin To Net: Unknown Pin: Pin U9-1
Add Pin To Net: Unknown Pin: Pin U9-2
Add Pin To Net: Unknown Pin: Pin U9-3
Add Pin To Net: Unknown Pin: Pin U10-1
Add Pin To Net: Unknown Pin: Pin U10-2
Add Pin To Net: Unknown Pin: Pin U10-3
Added Pin To Net: NetName=3V3 Pin=U?-1
Added Pin To Net: NetName=NetU2_9 Pin=U?-2
Added Pin To Net: NetName=GND Pin=U?-3
Add Pin To Net: Unknown Pin: Pin Y1-1
Add Pin To Net: Unknown Pin: Pin Y1-3
Add Class Member: Failed to add class member : Component U4_U_IF_amp (U4) 100X14W104MV4T
Add Class Member: Failed to add class member : Component U4_U_variable_gain_amp (U4) 100X14W104MV4T
Add Class Member: Failed to add class member : Component U6 AZ1117ID-5
Add Class Member: Failed to add class member : Component U8 AZ1117ID-3.3
Add Class Member: Failed to add class member : Component U9 AZ1117ID-ADJTRG1
Add Class Member: Failed to add class member : Component U10 MC79M05CDTRKG
Added Member To Class: ClassName=U_LO Member=Component U? MAX7375AXR105+T
Add Class Member: Failed to add class member : Component Y1 ECS-10.7-15A
