Added Component: Designator=U3_U_IF_amp(X14)
Add component (AddParameter): Name = "Copyright"; Value = "Copyright (C) 2025 Ultra Librarian. All rights reserved."; VariantName = "[No Variations]"
Add component (AddParameter): Name = "Manufacturer_Name"; Value = "Johanson Technology"; VariantName = "[No Variations]"
Add component (AddParameter): Name = "Manufacturer_Part_Number"; Value = "100X14W104MV4T"; VariantName = "[No Variations]"
Add component (AddParameter): Name = "RefDes"; Value = ""; VariantName = "[No Variations]"
Add component (AddParameter): Name = "Type"; Value = ""; VariantName = "[No Variations]"
Added Component: Designator=U3_U_variable_gain_amp(X14)
Add component (AddParameter): Name = "Copyright"; Value = "Copyright (C) 2025 Ultra Librarian. All rights reserved."; VariantName = "[No Variations]"
Add component (AddParameter): Name = "Manufacturer_Name"; Value = "Johanson Technology"; VariantName = "[No Variations]"
Add component (AddParameter): Name = "Manufacturer_Part_Number"; Value = "100X14W104MV4T"; VariantName = "[No Variations]"
Add component (AddParameter): Name = "RefDes"; Value = ""; VariantName = "[No Variations]"
Add component (AddParameter): Name = "Type"; Value = ""; VariantName = "[No Variations]"
Add component: Footprint Not Found TO252-2_AZ1117ID-3.3TRG1_DIO
Add component: Footprint Not Found TO252-2_AZ1117ID-3.3TRG1_DIO
Add component: Footprint Not Found TO252-2_AZ1117ID-3.3TRG1_DIO
Add component: Footprint Not Found DPAK-3_ONS
Add component: Footprint Not Found XTAL_ECS-10.7-15A
Added Pin To Net: NetName=-5 Pin=U3_U_IF_amp-1
Added Pin To Net: NetName=+5 Pin=U3_U_IF_amp-2
Added Pin To Net: NetName=GND Pin=U3_U_IF_amp-3
Added Pin To Net: NetName=GND Pin=U3_U_IF_amp-4
Added Pin To Net: NetName=-5 Pin=U3_U_variable_gain_amp-1
Added Pin To Net: NetName=+5 Pin=U3_U_variable_gain_amp-2
Added Pin To Net: NetName=GND Pin=U3_U_variable_gain_amp-3
Added Pin To Net: NetName=GND Pin=U3_U_variable_gain_amp-4
Add Pin To Net: Unknown Pin: Pin U6-1
Add Pin To Net: Unknown Pin: Pin U6-2
Add Pin To Net: Unknown Pin: Pin U6-3
Add Pin To Net: Unknown Pin: Pin U8-1
Add Pin To Net: Unknown Pin: Pin U8-2
Add Pin To Net: Unknown Pin: Pin U8-3
Add Pin To Net: Unknown Pin: Pin U9-1
Add Pin To Net: Unknown Pin: Pin U9-2
Add Pin To Net: Unknown Pin: Pin U9-3
Add Pin To Net: Unknown Pin: Pin U10-1
Add Pin To Net: Unknown Pin: Pin U10-2
Add Pin To Net: Unknown Pin: Pin U10-3
Add Pin To Net: Unknown Pin: Pin Y1-1
Add Pin To Net: Unknown Pin: Pin Y1-3
Added Member To Class: ClassName=U_IF_amp Member=Component U3_U_IF_amp (U3) 100X14W104MV4T
Added Member To Class: ClassName=U_variable_gain_amp Member=Component U3_U_variable_gain_amp (U3) 100X14W104MV4T
Add Class Member: Failed to add class member : Component U6 AZ1117ID-5
Add Class Member: Failed to add class member : Component U8 AZ1117ID-3.3
Add Class Member: Failed to add class member : Component U9 AZ1117ID-ADJTRG1
Add Class Member: Failed to add class member : Component U10 MC79M05CDTRKG
Add Class Member: Failed to add class member : Component Y1 ECS-10.7-15A
