Removed Pin From Net: NetName=NetC33_2 Pin=R7_U_variable_gain_amp-1
Removed Member From Class: ClassName=U_IF_amp Member=R7_U_IF_amp
Removed Member From Class: ClassName=U_variable_gain_amp Member=R7_U_variable_gain_amp
Added Component: Designator=R4_U_IF_amp(FP-PNM0402-MFG)
Add component (AddParameter): Name = "Case Code (Imperial)"; Value = "0402"; VariantName = "[No Variations]"
Add component (AddParameter): Name = "Case Code (Metric)"; Value = "1005"; VariantName = "[No Variations]"
Add component (AddParameter): Name = "Case/Package"; Value = "0402"; VariantName = "[No Variations]"
Add component (AddParameter): Name = "Features"; Value = "Moisture Resistant"; VariantName = "[No Variations]"
Add component (AddParameter): Name = "Height"; Value = "0.033inch"; VariantName = "[No Variations]"
Add component (AddParameter): Name = "Lead Free"; Value = "Lead Free"; VariantName = "[No Variations]"
Add component (AddParameter): Name = "Length"; Value = "0.042inch"; VariantName = "[No Variations]"
Add component (AddParameter): Name = "Max Operating Temperature"; Value = "155°C"; VariantName = "[No Variations]"
Add component (AddParameter): Name = "Max Power Dissipation"; Value = "50mW"; VariantName = "[No Variations]"
Add component (AddParameter): Name = "Min Operating Temperature"; Value = "-55°C"; VariantName = "[No Variations]"
Add component (AddParameter): Name = "Number of Terminations"; Value = "2"; VariantName = "[No Variations]"
Add component (AddParameter): Name = "Package Quantity"; Value = "1000"; VariantName = "[No Variations]"
Add component (AddParameter): Name = "Packaging"; Value = "Tape and Reel"; VariantName = "[No Variations]"
Add component (AddParameter): Name = "Resistance"; Value = "500 Ohms"; VariantName = "[No Variations]"
Add component (AddParameter): Name = "Resistor Type"; Value = "Thin Film"; VariantName = "[No Variations]"
Add component (AddParameter): Name = "RoHS Compliant"; Value = "Yes"; VariantName = "[No Variations]"
Add component (AddParameter): Name = "Temperature Coefficient"; Value = "25ppm/°C"; VariantName = "[No Variations]"
Add component (AddParameter): Name = "Tolerance"; Value = "0.1%"; VariantName = "[No Variations]"
Add component (AddParameter): Name = "Width"; Value = "0.022inch"; VariantName = "[No Variations]"
Added Component: Designator=R4_U_variable_gain_amp(FP-PNM0402-MFG)
Add component (AddParameter): Name = "Case Code (Imperial)"; Value = "0402"; VariantName = "[No Variations]"
Add component (AddParameter): Name = "Case Code (Metric)"; Value = "1005"; VariantName = "[No Variations]"
Add component (AddParameter): Name = "Case/Package"; Value = "0402"; VariantName = "[No Variations]"
Add component (AddParameter): Name = "Features"; Value = "Moisture Resistant"; VariantName = "[No Variations]"
Add component (AddParameter): Name = "Height"; Value = "0.033inch"; VariantName = "[No Variations]"
Add component (AddParameter): Name = "Lead Free"; Value = "Lead Free"; VariantName = "[No Variations]"
Add component (AddParameter): Name = "Length"; Value = "0.042inch"; VariantName = "[No Variations]"
Add component (AddParameter): Name = "Max Operating Temperature"; Value = "155°C"; VariantName = "[No Variations]"
Add component (AddParameter): Name = "Max Power Dissipation"; Value = "50mW"; VariantName = "[No Variations]"
Add component (AddParameter): Name = "Min Operating Temperature"; Value = "-55°C"; VariantName = "[No Variations]"
Add component (AddParameter): Name = "Number of Terminations"; Value = "2"; VariantName = "[No Variations]"
Add component (AddParameter): Name = "Package Quantity"; Value = "1000"; VariantName = "[No Variations]"
Add component (AddParameter): Name = "Packaging"; Value = "Tape and Reel"; VariantName = "[No Variations]"
Add component (AddParameter): Name = "Resistance"; Value = "500 Ohms"; VariantName = "[No Variations]"
Add component (AddParameter): Name = "Resistor Type"; Value = "Thin Film"; VariantName = "[No Variations]"
Add component (AddParameter): Name = "RoHS Compliant"; Value = "Yes"; VariantName = "[No Variations]"
Add component (AddParameter): Name = "Temperature Coefficient"; Value = "25ppm/°C"; VariantName = "[No Variations]"
Add component (AddParameter): Name = "Tolerance"; Value = "0.1%"; VariantName = "[No Variations]"
Add component (AddParameter): Name = "Width"; Value = "0.022inch"; VariantName = "[No Variations]"
Added Pin To Net: NetName=NetC33_2 Pin=R4_U_variable_gain_amp-1
Added Pin To Net: NetName=NetR4_U_IF_amp_1 Pin=R4_U_IF_amp-1
Added Pin To Net: NetName=NetR4_U_IF_amp_1 Pin=U5_U_IF_amp-9
Added Pin To Net: NetName=NetR4_U_IF_amp_1 Pin=U5_U_variable_gain_amp-4
Added Net: Name=NetR4_U_IF_amp_1
Added Pin To Net: NetName=NetR4_U_IF_amp_2 Pin=R4_U_IF_amp-2
Added Pin To Net: NetName=NetR4_U_IF_amp_2 Pin=U5_U_IF_amp-1
Added Net: Name=NetR4_U_IF_amp_2
Added Pin To Net: NetName=NetR4_U_variable_gain_amp_2 Pin=R4_U_variable_gain_amp-2
Added Pin To Net: NetName=NetR4_U_variable_gain_amp_2 Pin=U5_U_variable_gain_amp-1
Added Net: Name=NetR4_U_variable_gain_amp_2
Added Member To Class: ClassName=U_IF_amp Member=Component R4_U_IF_amp (R4) PNM0402E5000BST1
Added Member To Class: ClassName=U_variable_gain_amp Member=Component R4_U_variable_gain_amp (R4) PNM0402E5000BST1
