Removed Pin From Net: NetName=+12 Pin=C1-1
Removed Pin From Net: NetName=GND Pin=C1-2
Change Component Footprint: Designator=C1 Old Footprint=Cap 0402 New Footprint=PCBComponent_1
Change Component Footprint: Designator=C2 Old Footprint=Cap 0402 New Footprint=PCBComponent_1
Change Component Footprint: Designator=C3 Old Footprint=Cap 0402 New Footprint=PCBComponent_1
Change Component Footprint: Designator=C6 Old Footprint=Cap 0402 New Footprint=PCBComponent_1
Change Component Footprint: Designator=C7 Old Footprint=Cap 0402 New Footprint=PCBComponent_1
Change Component Footprint: Designator=C8 Old Footprint=Cap 0402 New Footprint=PCBComponent_1
Change Component Footprint: Designator=C12 Old Footprint=Cap 0402 New Footprint=PCBComponent_1
Change Component Footprint: Designator=C13 Old Footprint=Cap 0402 New Footprint=PCBComponent_1
Change Component Footprint: Designator=C14 Old Footprint=Cap 0402 New Footprint=PCBComponent_1
Change Component Footprint: Designator=C15 Old Footprint=Cap 0402 New Footprint=PCBComponent_1
Change Component Footprint: Designator=C16 Old Footprint=Cap 0402 New Footprint=PCBComponent_1
Change Component Footprint: Designator=C18 Old Footprint=Cap 0402 New Footprint=PCBComponent_1
Change Component Footprint: Designator=C20 Old Footprint=Cap 0402 New Footprint=PCBComponent_1
Change Component Footprint: Designator=C21 Old Footprint=Cap 0402 New Footprint=PCBComponent_1
Change Component Footprint: Designator=C35 Old Footprint=Cap 0402 New Footprint=PCBComponent_1
Change Component Footprint: Designator=C36 Old Footprint=Cap 0402 New Footprint=PCBComponent_1
Change Component Comment : Designator=C1 Old Comment=935151424610-T3N New Comment=935156424610-T3N
Change Component Comment : Designator=C2 Old Comment=935151424610-T3N New Comment=935156424610-T3N
Change Component Comment : Designator=C3 Old Comment=935151424610-T3N New Comment=935156424610-T3N
Change Component Comment : Designator=C6 Old Comment=935151424610-T3N New Comment=935156424610-T3N
Change Component Comment : Designator=C7 Old Comment=935151424610-T3N New Comment=935156424610-T3N
Change Component Comment : Designator=C8 Old Comment=935151424610-T3N New Comment=935156424610-T3N
Change Component Comment : Designator=C12 Old Comment=935151424610-T3N New Comment=935156424610-T3N
Change Component Comment : Designator=C13 Old Comment=935151424610-T3N New Comment=935156424610-T3N
Change Component Comment : Designator=C14 Old Comment=935151424610-T3N New Comment=935156424610-T3N
Change Component Comment : Designator=C15 Old Comment=935151424610-T3N New Comment=935156424610-T3N
Change Component Comment : Designator=C16 Old Comment=935151424610-T3N New Comment=935156424610-T3N
Change Component Comment : Designator=C18 Old Comment=935151424610-T3N New Comment=935156424610-T3N
Change Component Comment : Designator=C20 Old Comment=935151424610-T3N New Comment=935156424610-T3N
Change Component Comment : Designator=C21 Old Comment=935151424610-T3N New Comment=935156424610-T3N
Change Component Comment : Designator=C35 Old Comment=935151424610-T3N New Comment=935156424610-T3N
Change Component Comment : Designator=C36 Old Comment=935151424610-T3N New Comment=935156424610-T3N
Added Pin To Net: NetName=GND Pin=C1-1
Added Pin To Net: NetName=+12 Pin=C1-2
